<?xml version="1.0" encoding="UTF-8"?>
<testng-results skipped="0" failed="0" total="1" passed="1">
  <reporter-output>
  </reporter-output>
  <suite name="Default suite" duration-ms="87262" started-at="2022-02-13T16:16:41Z" finished-at="2022-02-13T16:18:09Z">
    <groups>
    </groups>
    <test name="Default test" duration-ms="87262" started-at="2022-02-13T16:16:41Z" finished-at="2022-02-13T16:18:09Z">
      <class name="org.honeywell.Trace.driver.DriverScript">
        <test-method status="PASS" signature="loadClasses()[pri:0, instance:org.honeywell.Trace.driver.DriverScript@7cdbc5d3]" name="loadClasses" is-config="true" duration-ms="5347" started-at="2022-02-13T21:46:36Z" finished-at="2022-02-13T21:46:41Z">
          <reporter-output>
          </reporter-output>
        </test-method> <!-- loadClasses -->
        <test-method status="PASS" signature="runTest()[pri:0, instance:org.honeywell.Trace.driver.DriverScript@7cdbc5d3]" name="runTest" duration-ms="87172" started-at="2022-02-13T21:46:42Z" finished-at="2022-02-13T21:48:09Z">
          <reporter-output>
          </reporter-output>
        </test-method> <!-- runTest -->
        <test-method status="PASS" signature="teardown()[pri:0, instance:org.honeywell.Trace.driver.DriverScript@7cdbc5d3]" name="teardown" is-config="true" duration-ms="5105" started-at="2022-02-13T21:48:09Z" finished-at="2022-02-13T21:48:14Z">
          <reporter-output>
          </reporter-output>
        </test-method> <!-- teardown -->
      </class> <!-- org.honeywell.Trace.driver.DriverScript -->
    </test> <!-- Default test -->
  </suite> <!-- Default suite -->
</testng-results>
